<?xml version="1.0" encoding="UTF-8"?>
<!-- Generated by org.testng.reporters.JUnitReportReporter -->
<testsuite hostname="DESKTOP-HFH5HQ6" failures="0" tests="3" name="com.nopcommerce.user.Level_20_Manage_Data_Part_4" time="13.095" errors="0" timestamp="03 Oct 2022 13:45:10 GMT" skipped="0">
  <testcase classname="com.nopcommerce.user.Level_20_Manage_Data_Part_4" name="User_02_Login" time="2.672"/>
  <testcase classname="com.nopcommerce.user.Level_20_Manage_Data_Part_4" name="User_03_My_Account" time="0.816"/>
  <testcase classname="com.nopcommerce.user.Level_20_Manage_Data_Part_4" name="User_01_Register" time="9.607"/>
</testsuite> <!-- com.nopcommerce.user.Level_20_Manage_Data_Part_4 -->
